<?xml version="1.0" encoding="UTF-8"?>
<testng-results skipped="1" failed="0" total="1" passed="0">
  <reporter-output>
  </reporter-output>
  <suite name="Default suite" duration-ms="29" started-at="2017-11-18T09:14:41Z" finished-at="2017-11-18T09:14:42Z">
    <groups>
    </groups>
    <test name="Default test" duration-ms="29" started-at="2017-11-18T09:14:41Z" finished-at="2017-11-18T09:14:42Z">
      <class name="com.virtusa.guru99.pages.Registration_test">
        <test-method status="PASS" signature="Browserlaunch()[pri:0, instance:com.virtusa.guru99.pages.Registration_test@5dfcfece]" name="Browserlaunch" is-config="true" duration-ms="10" started-at="2017-11-18T14:44:41Z" finished-at="2017-11-18T14:44:42Z">
          <reporter-output>
          </reporter-output>
        </test-method> <!-- Browserlaunch -->
        <test-method status="SKIP" signature="register_test(com.virtusa.guru99.utils.TestRepository)[pri:0, instance:com.virtusa.guru99.pages.Registration_test@5dfcfece]" name="register_test" duration-ms="0" started-at="2017-11-18T14:44:42Z" data-provider="testdata" finished-at="2017-11-18T14:44:42Z">
          <exception class="org.testng.TestNGException">
            <message>
              <![CDATA[
Some DataProvider public java.lang.Object[][] com.virtusa.guru99.pages.Registration_test.testData(java.lang.String,java.lang.String) throws java.lang.Exception parameters unresolved:  at 1 type class java.lang.String
 at 2 type class java.lang.String
]]>
            </message>
            <full-stacktrace>
              <![CDATA[org.testng.TestNGException: 
Some DataProvider public java.lang.Object[][] com.virtusa.guru99.pages.Registration_test.testData(java.lang.String,java.lang.String) throws java.lang.Exception parameters unresolved:  at 1 type class java.lang.String
 at 2 type class java.lang.String

	at org.testng.internal.MethodInvocationHelper.invokeDataProvider(MethodInvocationHelper.java:129)
	at org.testng.internal.Parameters.handleParameters(Parameters.java:430)
	at org.testng.internal.Invoker.handleParameters(Invoker.java:1276)
	at org.testng.internal.Invoker.createParameters(Invoker.java:992)
	at org.testng.internal.Invoker.invokeTestMethods(Invoker.java:1082)
	at org.testng.internal.TestMethodWorker.invokeTestMethods(TestMethodWorker.java:124)
	at org.testng.internal.TestMethodWorker.run(TestMethodWorker.java:108)
	at org.testng.TestRunner.privateRun(TestRunner.java:773)
	at org.testng.TestRunner.run(TestRunner.java:623)
	at org.testng.SuiteRunner.runTest(SuiteRunner.java:357)
	at org.testng.SuiteRunner.runSequentially(SuiteRunner.java:352)
	at org.testng.SuiteRunner.privateRun(SuiteRunner.java:310)
	at org.testng.SuiteRunner.run(SuiteRunner.java:259)
	at org.testng.SuiteRunnerWorker.runSuite(SuiteRunnerWorker.java:52)
	at org.testng.SuiteRunnerWorker.run(SuiteRunnerWorker.java:86)
	at org.testng.TestNG.runSuitesSequentially(TestNG.java:1185)
	at org.testng.TestNG.runSuitesLocally(TestNG.java:1110)
	at org.testng.TestNG.run(TestNG.java:1018)
	at org.testng.remote.AbstractRemoteTestNG.run(AbstractRemoteTestNG.java:114)
	at org.testng.remote.RemoteTestNG.initAndRun(RemoteTestNG.java:251)
	at org.testng.remote.RemoteTestNG.main(RemoteTestNG.java:77)
]]>
            </full-stacktrace>
          </exception> <!-- org.testng.TestNGException -->
          <reporter-output>
          </reporter-output>
        </test-method> <!-- register_test -->
      </class> <!-- com.virtusa.guru99.pages.Registration_test -->
    </test> <!-- Default test -->
  </suite> <!-- Default suite -->
</testng-results>
